2025-10-23T09:07:24.771+07:00  INFO 1212 --- [product-service] [main] c.ecommerce.product.ProductApplication   : Starting ProductApplication using Java 25 with PID 1212 (E:\file_tai_lieu\Course\do_an_tot_nghiep\Spring Boot Microservices Professional eCommerce Masterclass\Microservices\product\target\classes started by thaiv in E:\file_tai_lieu\Course\do_an_tot_nghiep\Spring Boot Microservices Professional eCommerce Masterclass\Microservices)
2025-10-23T09:07:24.793+07:00  INFO 1212 --- [product-service] [main] c.ecommerce.product.ProductApplication   : No active profile set, falling back to 1 default profile: "default"
2025-10-23T09:07:24.936+07:00  INFO 1212 --- [product-service] [main] o.s.c.c.c.ConfigServerConfigDataLoader   : Fetching config from server at : http://localhost:8888
2025-10-23T09:07:24.937+07:00  INFO 1212 --- [product-service] [main] o.s.c.c.c.ConfigServerConfigDataLoader   : Located environment: name=product-service, profiles=[default], label=null, version=null, state=null
2025-10-23T09:07:28.539+07:00  INFO 1212 --- [product-service] [main] .s.d.r.c.RepositoryConfigurationDelegate : Bootstrapping Spring Data JPA repositories in DEFAULT mode.
2025-10-23T09:07:28.908+07:00  INFO 1212 --- [product-service] [main] .s.d.r.c.RepositoryConfigurationDelegate : Finished Spring Data repository scanning in 343 ms. Found 1 JPA repository interface.
2025-10-23T09:07:29.604+07:00  INFO 1212 --- [product-service] [main] faultConfiguringBeanFactoryPostProcessor : No bean named 'errorChannel' has been explicitly defined. Therefore, a default PublishSubscribeChannel will be created.
2025-10-23T09:07:29.618+07:00  INFO 1212 --- [product-service] [main] faultConfiguringBeanFactoryPostProcessor : No bean named 'integrationHeaderChannelRegistry' has been explicitly defined. Therefore, a default DefaultHeaderChannelRegistry will be created.
2025-10-23T09:07:30.100+07:00  INFO 1212 --- [product-service] [main] o.s.cloud.context.scope.GenericScope     : BeanFactory id=507a7f81-31c6-3ea8-82f8-d8366fe39b09
2025-10-23T09:07:31.231+07:00  INFO 1212 --- [product-service] [main] o.s.b.w.embedded.tomcat.TomcatWebServer  : Tomcat initialized with port 8081 (http)
2025-10-23T09:07:31.258+07:00  INFO 1212 --- [product-service] [main] o.apache.catalina.core.StandardService   : Starting service [Tomcat]
2025-10-23T09:07:31.258+07:00  INFO 1212 --- [product-service] [main] o.apache.catalina.core.StandardEngine    : Starting Servlet engine: [Apache Tomcat/10.1.43]
2025-10-23T09:07:31.412+07:00  INFO 1212 --- [product-service] [main] o.a.c.c.C.[Tomcat].[localhost].[/]       : Initializing Spring embedded WebApplicationContext
2025-10-23T09:07:31.413+07:00  INFO 1212 --- [product-service] [main] w.s.c.ServletWebServerApplicationContext : Root WebApplicationContext: initialization completed in 6471 ms
2025-10-23T09:07:32.832+07:00  INFO 1212 --- [product-service] [main] o.hibernate.jpa.internal.util.LogHelper  : HHH000204: Processing PersistenceUnitInfo [name: default]
2025-10-23T09:07:32.978+07:00  INFO 1212 --- [product-service] [main] org.hibernate.Version                    : HHH000412: Hibernate ORM core version 6.6.22.Final
2025-10-23T09:07:33.078+07:00  INFO 1212 --- [product-service] [main] o.h.c.internal.RegionFactoryInitiator    : HHH000026: Second-level cache disabled
2025-10-23T09:07:33.628+07:00  INFO 1212 --- [product-service] [main] o.s.o.j.p.SpringPersistenceUnitInfo      : No LoadTimeWeaver setup: ignoring JPA class transformer
2025-10-23T09:07:33.669+07:00  INFO 1212 --- [product-service] [main] com.zaxxer.hikari.HikariDataSource       : HikariPool-1 - Starting...
2025-10-23T09:07:33.950+07:00  INFO 1212 --- [product-service] [main] com.zaxxer.hikari.pool.HikariPool        : HikariPool-1 - Added connection org.postgresql.jdbc.PgConnection@1360ef8d
2025-10-23T09:07:33.954+07:00  INFO 1212 --- [product-service] [main] com.zaxxer.hikari.HikariDataSource       : HikariPool-1 - Start completed.
2025-10-23T09:07:34.019+07:00  WARN 1212 --- [product-service] [main] org.hibernate.orm.deprecation            : HHH90000025: PostgreSQLDialect does not need to be specified explicitly using 'hibernate.dialect' (remove the property setting and it will be selected by default)
2025-10-23T09:07:34.058+07:00  INFO 1212 --- [product-service] [main] org.hibernate.orm.connections.pooling    : HHH10001005: Database info:
	Database JDBC URL [Connecting through datasource 'HikariDataSource (HikariPool-1)']
	Database driver: undefined/unknown
	Database version: 14.19
	Autocommit mode: undefined/unknown
	Isolation level: undefined/unknown
	Minimum pool size: undefined/unknown
	Maximum pool size: undefined/unknown
2025-10-23T09:07:35.427+07:00  INFO 1212 --- [product-service] [main] o.h.e.t.j.p.i.JtaPlatformInitiator       : HHH000489: No JTA platform available (set 'hibernate.transaction.jta.platform' to enable JTA platform integration)
2025-10-23T09:07:35.708+07:00  INFO 1212 --- [product-service] [main] j.LocalContainerEntityManagerFactoryBean : Initialized JPA EntityManagerFactory for persistence unit 'default'
2025-10-23T09:07:36.283+07:00  INFO 1212 --- [product-service] [main] o.s.d.j.r.query.QueryEnhancerFactory     : Hibernate is in classpath; If applicable, HQL parser will be used.
2025-10-23T09:07:37.698+07:00  WARN 1212 --- [product-service] [main] JpaBaseConfiguration$JpaWebConfiguration : spring.jpa.open-in-view is enabled by default. Therefore, database queries may be performed during view rendering. Explicitly configure spring.jpa.open-in-view to disable this warning
2025-10-23T09:07:39.598+07:00  INFO 1212 --- [product-service] [main] o.s.cloud.commons.util.InetUtils         : Cannot determine local hostname
2025-10-23T09:07:40.640+07:00  INFO 1212 --- [product-service] [main] o.s.cloud.commons.util.InetUtils         : Cannot determine local hostname
2025-10-23T09:07:41.125+07:00  WARN 1212 --- [product-service] [main] c.f.c.c.BeanFactoryAwareFunctionRegistry : Failed to locate function 'busConsumer' for function definition 'busConsumer'. Returning null.
2025-10-23T09:07:41.203+07:00  INFO 1212 --- [product-service] [main] o.s.c.s.m.DirectWithAttributesChannel    : Channel 'product-service.springCloudBusInput' has 1 subscriber(s).
2025-10-23T09:07:42.451+07:00  INFO 1212 --- [product-service] [main] o.s.cloud.commons.util.InetUtils         : Cannot determine local hostname
2025-10-23T09:07:42.468+07:00  INFO 1212 --- [product-service] [main] DiscoveryClientOptionalArgsConfiguration : Eureka HTTP Client uses RestTemplate.
2025-10-23T09:07:42.526+07:00  WARN 1212 --- [product-service] [main] iguration$LoadBalancerCaffeineWarnLogger : Spring Cloud LoadBalancer is currently working with the default cache. While this cache implementation is useful for development and tests, it's recommended to use Caffeine cache in production.You can switch to using Caffeine cache, by adding it and org.springframework.cache.caffeine.CaffeineCacheManager to the classpath.
2025-10-23T09:07:42.536+07:00  INFO 1212 --- [product-service] [main] o.s.b.a.e.web.EndpointLinksResolver      : Exposing 25 endpoints beneath base path '/actuator'
2025-10-23T09:07:42.686+07:00  INFO 1212 --- [product-service] [main] o.s.i.endpoint.EventDrivenConsumer       : Adding {logging-channel-adapter:_org.springframework.integration.errorLogger} as a subscriber to the 'errorChannel' channel
2025-10-23T09:07:42.686+07:00  INFO 1212 --- [product-service] [main] o.s.i.channel.PublishSubscribeChannel    : Channel 'product-service.errorChannel' has 1 subscriber(s).
2025-10-23T09:07:42.687+07:00  INFO 1212 --- [product-service] [main] o.s.i.endpoint.EventDrivenConsumer       : started bean '_org.springframework.integration.errorLogger'
2025-10-23T09:07:42.752+07:00  INFO 1212 --- [product-service] [main] o.s.c.n.eureka.InstanceInfoFactory       : Setting initial instance status as: STARTING
2025-10-23T09:07:42.776+07:00  INFO 1212 --- [product-service] [main] com.netflix.discovery.DiscoveryClient    : Initializing Eureka in region us-east-1
2025-10-23T09:07:42.780+07:00  INFO 1212 --- [product-service] [main] c.n.d.s.r.aws.ConfigClusterResolver      : Resolving eureka endpoints via configuration
2025-10-23T09:07:42.790+07:00  INFO 1212 --- [product-service] [main] com.netflix.discovery.DiscoveryClient    : Disable delta property : false
2025-10-23T09:07:42.790+07:00  INFO 1212 --- [product-service] [main] com.netflix.discovery.DiscoveryClient    : Single vip registry refresh property : null
2025-10-23T09:07:42.791+07:00  INFO 1212 --- [product-service] [main] com.netflix.discovery.DiscoveryClient    : Force full registry fetch : false
2025-10-23T09:07:42.791+07:00  INFO 1212 --- [product-service] [main] com.netflix.discovery.DiscoveryClient    : Application is null : false
2025-10-23T09:07:42.791+07:00  INFO 1212 --- [product-service] [main] com.netflix.discovery.DiscoveryClient    : Registered Applications size is zero : true
2025-10-23T09:07:42.791+07:00  INFO 1212 --- [product-service] [main] com.netflix.discovery.DiscoveryClient    : Application version is -1: true
2025-10-23T09:07:42.792+07:00  INFO 1212 --- [product-service] [main] com.netflix.discovery.DiscoveryClient    : Getting all instance registry info from the eureka server
2025-10-23T09:07:43.063+07:00  INFO 1212 --- [product-service] [main] com.netflix.discovery.DiscoveryClient    : The response status is 200
2025-10-23T09:07:43.064+07:00  INFO 1212 --- [product-service] [main] com.netflix.discovery.DiscoveryClient    : Starting heartbeat executor: renew interval is: 30
2025-10-23T09:07:43.066+07:00  INFO 1212 --- [product-service] [main] c.n.discovery.InstanceInfoReplicator     : InstanceInfoReplicator onDemand update allowed rate per min is 4
2025-10-23T09:07:43.067+07:00  INFO 1212 --- [product-service] [main] com.netflix.discovery.DiscoveryClient    : Discovery Client initialized at timestamp 1761185263067 with initial instances count: 0
2025-10-23T09:07:43.072+07:00  INFO 1212 --- [product-service] [main] o.s.c.n.e.s.EurekaServiceRegistry        : Registering application PRODUCT-SERVICE with eureka with status UP
2025-10-23T09:07:43.074+07:00  INFO 1212 --- [product-service] [main] com.netflix.discovery.DiscoveryClient    : Saw local status change event StatusChangeEvent [timestamp=1761185263074, current=UP, previous=STARTING]
2025-10-23T09:07:43.076+07:00  INFO 1212 --- [product-service] [DiscoveryClient-InstanceInfoReplicator-%d] com.netflix.discovery.DiscoveryClient    : DiscoveryClient_PRODUCT-SERVICE/localhost:product-service:8081: registering service...
2025-10-23T09:07:43.078+07:00  INFO 1212 --- [product-service] [main] o.s.c.s.binder.DefaultBinderFactory      : Creating binder: rabbit
2025-10-23T09:07:43.078+07:00  INFO 1212 --- [product-service] [main] o.s.c.s.binder.DefaultBinderFactory      : Constructing binder child context for rabbit
2025-10-23T09:07:43.138+07:00  INFO 1212 --- [product-service] [DiscoveryClient-InstanceInfoReplicator-%d] com.netflix.discovery.DiscoveryClient    : DiscoveryClient_PRODUCT-SERVICE/localhost:product-service:8081 - registration status: 204
2025-10-23T09:07:43.214+07:00  INFO 1212 --- [product-service] [main] o.s.c.s.binder.DefaultBinderFactory      : Caching the binder: rabbit
2025-10-23T09:07:43.239+07:00  INFO 1212 --- [product-service] [main] c.s.b.r.p.RabbitExchangeQueueProvisioner : declaring queue for inbound: springCloudBus.anonymous.oLgWp_91T2yoQ7EJzgKhgA, bound to: springCloudBus
2025-10-23T09:07:43.246+07:00  INFO 1212 --- [product-service] [main] o.s.a.r.c.CachingConnectionFactory       : Attempting to connect to: [localhost:5672]
2025-10-23T09:07:43.337+07:00  INFO 1212 --- [product-service] [main] o.s.a.r.c.CachingConnectionFactory       : Created new connection: rabbitConnectionFactory#18f9745a:0/SimpleConnection@56748a6f [delegate=amqp://guest@127.0.0.1:5672/, localPort=60073]
2025-10-23T09:07:43.450+07:00  INFO 1212 --- [product-service] [main] o.s.c.stream.binder.BinderErrorChannel   : Channel 'rabbit-1154181930.springCloudBusInput.errors' has 1 subscriber(s).
2025-10-23T09:07:43.452+07:00  INFO 1212 --- [product-service] [main] o.s.c.stream.binder.BinderErrorChannel   : Channel 'rabbit-1154181930.springCloudBusInput.errors' has 2 subscriber(s).
2025-10-23T09:07:43.491+07:00  INFO 1212 --- [product-service] [main] o.s.i.a.i.AmqpInboundChannelAdapter      : started bean 'inbound.springCloudBus.anonymous.oLgWp_91T2yoQ7EJzgKhgA'
2025-10-23T09:07:43.518+07:00  INFO 1212 --- [product-service] [main] o.s.b.w.embedded.tomcat.TomcatWebServer  : Tomcat started on port 8081 (http) with context path '/'
2025-10-23T09:07:43.519+07:00  INFO 1212 --- [product-service] [main] .s.c.n.e.s.EurekaAutoServiceRegistration : Updating port to 8081
2025-10-23T09:07:44.527+07:00  INFO 1212 --- [product-service] [main] o.s.cloud.commons.util.InetUtils         : Cannot determine local hostname
2025-10-23T09:07:45.533+07:00  INFO 1212 --- [product-service] [main] o.s.cloud.commons.util.InetUtils         : Cannot determine local hostname
2025-10-23T09:07:45.636+07:00  INFO 1212 --- [product-service] [main] c.ecommerce.product.ProductApplication   : Started ProductApplication in 25.136 seconds (process running for 27.588)
2025-10-23T09:07:46.232+07:00  INFO 1212 --- [product-service] [http-nio-8081-exec-1] o.a.c.c.C.[Tomcat].[localhost].[/]       : Initializing Spring DispatcherServlet 'dispatcherServlet'
2025-10-23T09:07:46.232+07:00  INFO 1212 --- [product-service] [http-nio-8081-exec-1] o.s.web.servlet.DispatcherServlet        : Initializing Servlet 'dispatcherServlet'
2025-10-23T09:07:46.234+07:00  INFO 1212 --- [product-service] [http-nio-8081-exec-1] o.s.web.servlet.DispatcherServlet        : Completed initialization in 2 ms
2025-10-23T09:08:13.066+07:00  INFO 1212 --- [product-service] [DiscoveryClient-CacheRefreshExecutor-%d] com.netflix.discovery.DiscoveryClient    : Disable delta property : false
2025-10-23T09:08:13.067+07:00  INFO 1212 --- [product-service] [DiscoveryClient-CacheRefreshExecutor-%d] com.netflix.discovery.DiscoveryClient    : Single vip registry refresh property : null
2025-10-23T09:08:13.067+07:00  INFO 1212 --- [product-service] [DiscoveryClient-CacheRefreshExecutor-%d] com.netflix.discovery.DiscoveryClient    : Force full registry fetch : false
2025-10-23T09:08:13.067+07:00  INFO 1212 --- [product-service] [DiscoveryClient-CacheRefreshExecutor-%d] com.netflix.discovery.DiscoveryClient    : Application is null : false
2025-10-23T09:08:13.068+07:00  INFO 1212 --- [product-service] [DiscoveryClient-CacheRefreshExecutor-%d] com.netflix.discovery.DiscoveryClient    : Registered Applications size is zero : true
2025-10-23T09:08:13.068+07:00  INFO 1212 --- [product-service] [DiscoveryClient-CacheRefreshExecutor-%d] com.netflix.discovery.DiscoveryClient    : Application version is -1: false
2025-10-23T09:08:13.069+07:00  INFO 1212 --- [product-service] [DiscoveryClient-CacheRefreshExecutor-%d] com.netflix.discovery.DiscoveryClient    : Getting all instance registry info from the eureka server
2025-10-23T09:08:13.096+07:00  INFO 1212 --- [product-service] [DiscoveryClient-CacheRefreshExecutor-%d] com.netflix.discovery.DiscoveryClient    : The response status is 200
2025-10-23T09:12:42.795+07:00  INFO 1212 --- [product-service] [AsyncResolver-bootstrap-executor-%d] c.n.d.s.r.aws.ConfigClusterResolver      : Resolving eureka endpoints via configuration
2025-10-23T09:17:42.798+07:00  INFO 1212 --- [product-service] [AsyncResolver-bootstrap-executor-%d] c.n.d.s.r.aws.ConfigClusterResolver      : Resolving eureka endpoints via configuration
2025-10-23T09:22:42.801+07:00  INFO 1212 --- [product-service] [AsyncResolver-bootstrap-executor-%d] c.n.d.s.r.aws.ConfigClusterResolver      : Resolving eureka endpoints via configuration
2025-10-23T09:27:42.805+07:00  INFO 1212 --- [product-service] [AsyncResolver-bootstrap-executor-%d] c.n.d.s.r.aws.ConfigClusterResolver      : Resolving eureka endpoints via configuration
2025-10-23T09:32:42.808+07:00  INFO 1212 --- [product-service] [AsyncResolver-bootstrap-executor-%d] c.n.d.s.r.aws.ConfigClusterResolver      : Resolving eureka endpoints via configuration
2025-10-23T09:37:42.810+07:00  INFO 1212 --- [product-service] [AsyncResolver-bootstrap-executor-%d] c.n.d.s.r.aws.ConfigClusterResolver      : Resolving eureka endpoints via configuration
2025-10-23T09:42:42.811+07:00  INFO 1212 --- [product-service] [AsyncResolver-bootstrap-executor-%d] c.n.d.s.r.aws.ConfigClusterResolver      : Resolving eureka endpoints via configuration
2025-10-23T09:47:42.815+07:00  INFO 1212 --- [product-service] [AsyncResolver-bootstrap-executor-%d] c.n.d.s.r.aws.ConfigClusterResolver      : Resolving eureka endpoints via configuration
2025-10-23T09:52:42.816+07:00  INFO 1212 --- [product-service] [AsyncResolver-bootstrap-executor-%d] c.n.d.s.r.aws.ConfigClusterResolver      : Resolving eureka endpoints via configuration
2025-10-23T09:57:42.817+07:00  INFO 1212 --- [product-service] [AsyncResolver-bootstrap-executor-%d] c.n.d.s.r.aws.ConfigClusterResolver      : Resolving eureka endpoints via configuration
2025-10-23T10:02:42.820+07:00  INFO 1212 --- [product-service] [AsyncResolver-bootstrap-executor-%d] c.n.d.s.r.aws.ConfigClusterResolver      : Resolving eureka endpoints via configuration
2025-10-23T10:07:42.821+07:00  INFO 1212 --- [product-service] [AsyncResolver-bootstrap-executor-%d] c.n.d.s.r.aws.ConfigClusterResolver      : Resolving eureka endpoints via configuration
2025-10-23T10:12:42.824+07:00  INFO 1212 --- [product-service] [AsyncResolver-bootstrap-executor-%d] c.n.d.s.r.aws.ConfigClusterResolver      : Resolving eureka endpoints via configuration
2025-10-23T10:17:42.830+07:00  INFO 1212 --- [product-service] [AsyncResolver-bootstrap-executor-%d] c.n.d.s.r.aws.ConfigClusterResolver      : Resolving eureka endpoints via configuration
2025-10-23T10:22:42.831+07:00  INFO 1212 --- [product-service] [AsyncResolver-bootstrap-executor-%d] c.n.d.s.r.aws.ConfigClusterResolver      : Resolving eureka endpoints via configuration
2025-10-23T10:27:42.832+07:00  INFO 1212 --- [product-service] [AsyncResolver-bootstrap-executor-%d] c.n.d.s.r.aws.ConfigClusterResolver      : Resolving eureka endpoints via configuration
2025-10-23T10:32:42.833+07:00  INFO 1212 --- [product-service] [AsyncResolver-bootstrap-executor-%d] c.n.d.s.r.aws.ConfigClusterResolver      : Resolving eureka endpoints via configuration
2025-10-23T10:34:09.634+07:00  INFO 1212 --- [product-service] [SpringApplicationShutdownHook] o.s.c.n.e.s.EurekaServiceRegistry        : Unregistering application PRODUCT-SERVICE with eureka with status DOWN
2025-10-23T10:34:09.635+07:00  INFO 1212 --- [product-service] [SpringApplicationShutdownHook] com.netflix.discovery.DiscoveryClient    : Saw local status change event StatusChangeEvent [timestamp=1761190449635, current=DOWN, previous=UP]
2025-10-23T10:34:09.642+07:00  INFO 1212 --- [product-service] [DiscoveryClient-InstanceInfoReplicator-%d] com.netflix.discovery.DiscoveryClient    : DiscoveryClient_PRODUCT-SERVICE/localhost:product-service:8081: registering service...
2025-10-23T10:34:09.729+07:00  INFO 1212 --- [product-service] [DiscoveryClient-InstanceInfoReplicator-%d] com.netflix.discovery.DiscoveryClient    : DiscoveryClient_PRODUCT-SERVICE/localhost:product-service:8081 - registration status: 204
2025-10-23T10:34:09.818+07:00  INFO 1212 --- [product-service] [SpringApplicationShutdownHook] o.s.b.w.e.tomcat.GracefulShutdown        : Commencing graceful shutdown. Waiting for active requests to complete
2025-10-23T10:34:09.842+07:00  INFO 1212 --- [product-service] [tomcat-shutdown] o.s.b.w.e.tomcat.GracefulShutdown        : Graceful shutdown complete
2025-10-23T10:34:10.010+07:00  INFO 1212 --- [product-service] [SpringApplicationShutdownHook] o.s.a.r.l.SimpleMessageListenerContainer : Waiting for workers to finish.
2025-10-23T10:34:10.278+07:00  INFO 1212 --- [product-service] [SpringApplicationShutdownHook] o.s.a.r.l.SimpleMessageListenerContainer : Successfully waited for workers to finish.
2025-10-23T10:34:10.286+07:00  INFO 1212 --- [product-service] [SpringApplicationShutdownHook] o.s.i.a.i.AmqpInboundChannelAdapter      : stopped bean 'inbound.springCloudBus.anonymous.oLgWp_91T2yoQ7EJzgKhgA'
2025-10-23T10:34:10.340+07:00  INFO 1212 --- [product-service] [SpringApplicationShutdownHook] o.s.c.stream.binder.BinderErrorChannel   : Channel 'product-service.rabbit-1154181930.springCloudBusInput.errors' has 1 subscriber(s).
2025-10-23T10:34:10.342+07:00  INFO 1212 --- [product-service] [SpringApplicationShutdownHook] o.s.c.stream.binder.BinderErrorChannel   : Channel 'product-service.rabbit-1154181930.springCloudBusInput.errors' has 0 subscriber(s).
2025-10-23T10:34:10.582+07:00  INFO 1212 --- [product-service] [SpringApplicationShutdownHook] o.s.i.endpoint.EventDrivenConsumer       : Removing {logging-channel-adapter:_org.springframework.integration.errorLogger} as a subscriber to the 'errorChannel' channel
2025-10-23T10:34:10.583+07:00  INFO 1212 --- [product-service] [SpringApplicationShutdownHook] o.s.i.channel.PublishSubscribeChannel    : Channel 'product-service.errorChannel' has 0 subscriber(s).
2025-10-23T10:34:10.583+07:00  INFO 1212 --- [product-service] [SpringApplicationShutdownHook] o.s.i.endpoint.EventDrivenConsumer       : stopped bean '_org.springframework.integration.errorLogger'
2025-10-23T10:34:10.662+07:00  INFO 1212 --- [product-service] [SpringApplicationShutdownHook] j.LocalContainerEntityManagerFactoryBean : Closing JPA EntityManagerFactory for persistence unit 'default'
2025-10-23T10:34:10.672+07:00  INFO 1212 --- [product-service] [SpringApplicationShutdownHook] com.zaxxer.hikari.HikariDataSource       : HikariPool-1 - Shutdown initiated...
2025-10-23T10:34:10.676+07:00  INFO 1212 --- [product-service] [SpringApplicationShutdownHook] com.zaxxer.hikari.HikariDataSource       : HikariPool-1 - Shutdown completed.
2025-10-23T10:34:10.677+07:00  INFO 1212 --- [product-service] [SpringApplicationShutdownHook] com.netflix.discovery.DiscoveryClient    : Shutting down DiscoveryClient ...
2025-10-23T10:34:13.679+07:00  INFO 1212 --- [product-service] [SpringApplicationShutdownHook] com.netflix.discovery.DiscoveryClient    : Unregistering ...
2025-10-23T10:34:13.694+07:00  INFO 1212 --- [product-service] [SpringApplicationShutdownHook] com.netflix.discovery.DiscoveryClient    : DiscoveryClient_PRODUCT-SERVICE/localhost:product-service:8081 - deregister  status: 200
2025-10-23T10:34:13.695+07:00  INFO 1212 --- [product-service] [SpringApplicationShutdownHook] com.netflix.discovery.DiscoveryClient    : Completed shut down of DiscoveryClient
2025-10-23T10:37:26.602+07:00  INFO 20352 --- [product-service] [main] [                                                 ] c.ecommerce.product.ProductApplication   : Starting ProductApplication using Java 25 with PID 20352 (E:\file_tai_lieu\Course\do_an_tot_nghiep\Spring Boot Microservices Professional eCommerce Masterclass\Microservices\product\target\classes started by thaiv in E:\file_tai_lieu\Course\do_an_tot_nghiep\Spring Boot Microservices Professional eCommerce Masterclass\Microservices)
2025-10-23T10:37:26.608+07:00  INFO 20352 --- [product-service] [main] [                                                 ] c.ecommerce.product.ProductApplication   : No active profile set, falling back to 1 default profile: "default"
2025-10-23T10:37:26.679+07:00  INFO 20352 --- [product-service] [main] [                                                 ] o.s.c.c.c.ConfigServerConfigDataLoader   : Fetching config from server at : http://localhost:8888
2025-10-23T10:37:26.680+07:00  INFO 20352 --- [product-service] [main] [                                                 ] o.s.c.c.c.ConfigServerConfigDataLoader   : Located environment: name=product-service, profiles=[default], label=null, version=null, state=null
2025-10-23T10:37:28.631+07:00  INFO 20352 --- [product-service] [main] [                                                 ] .s.d.r.c.RepositoryConfigurationDelegate : Bootstrapping Spring Data JPA repositories in DEFAULT mode.
2025-10-23T10:37:28.795+07:00  INFO 20352 --- [product-service] [main] [                                                 ] .s.d.r.c.RepositoryConfigurationDelegate : Finished Spring Data repository scanning in 150 ms. Found 1 JPA repository interface.
2025-10-23T10:37:29.149+07:00  INFO 20352 --- [product-service] [main] [                                                 ] faultConfiguringBeanFactoryPostProcessor : No bean named 'errorChannel' has been explicitly defined. Therefore, a default PublishSubscribeChannel will be created.
2025-10-23T10:37:29.159+07:00  INFO 20352 --- [product-service] [main] [                                                 ] faultConfiguringBeanFactoryPostProcessor : No bean named 'integrationHeaderChannelRegistry' has been explicitly defined. Therefore, a default DefaultHeaderChannelRegistry will be created.
2025-10-23T10:37:29.305+07:00  INFO 20352 --- [product-service] [main] [                                                 ] o.s.cloud.context.scope.GenericScope     : BeanFactory id=765bc0af-89df-302d-b12c-28fa085ad896
2025-10-23T10:37:29.998+07:00  INFO 20352 --- [product-service] [main] [                                                 ] o.s.b.w.embedded.tomcat.TomcatWebServer  : Tomcat initialized with port 8081 (http)
2025-10-23T10:37:30.017+07:00  INFO 20352 --- [product-service] [main] [                                                 ] o.apache.catalina.core.StandardService   : Starting service [Tomcat]
2025-10-23T10:37:30.017+07:00  INFO 20352 --- [product-service] [main] [                                                 ] o.apache.catalina.core.StandardEngine    : Starting Servlet engine: [Apache Tomcat/10.1.43]
2025-10-23T10:37:30.101+07:00  INFO 20352 --- [product-service] [main] [                                                 ] o.a.c.c.C.[Tomcat].[localhost].[/]       : Initializing Spring embedded WebApplicationContext
2025-10-23T10:37:30.101+07:00  INFO 20352 --- [product-service] [main] [                                                 ] w.s.c.ServletWebServerApplicationContext : Root WebApplicationContext: initialization completed in 3418 ms
2025-10-23T10:37:31.110+07:00  INFO 20352 --- [product-service] [main] [                                                 ] o.hibernate.jpa.internal.util.LogHelper  : HHH000204: Processing PersistenceUnitInfo [name: default]
2025-10-23T10:37:31.259+07:00  INFO 20352 --- [product-service] [main] [                                                 ] org.hibernate.Version                    : HHH000412: Hibernate ORM core version 6.6.22.Final
2025-10-23T10:37:31.378+07:00  INFO 20352 --- [product-service] [main] [                                                 ] o.h.c.internal.RegionFactoryInitiator    : HHH000026: Second-level cache disabled
2025-10-23T10:37:31.916+07:00  INFO 20352 --- [product-service] [main] [                                                 ] o.s.o.j.p.SpringPersistenceUnitInfo      : No LoadTimeWeaver setup: ignoring JPA class transformer
2025-10-23T10:37:31.972+07:00  INFO 20352 --- [product-service] [main] [                                                 ] com.zaxxer.hikari.HikariDataSource       : HikariPool-1 - Starting...
2025-10-23T10:37:32.313+07:00  INFO 20352 --- [product-service] [main] [                                                 ] com.zaxxer.hikari.pool.HikariPool        : HikariPool-1 - Added connection org.postgresql.jdbc.PgConnection@128d397c
2025-10-23T10:37:32.317+07:00  INFO 20352 --- [product-service] [main] [                                                 ] com.zaxxer.hikari.HikariDataSource       : HikariPool-1 - Start completed.
2025-10-23T10:37:32.385+07:00  WARN 20352 --- [product-service] [main] [                                                 ] org.hibernate.orm.deprecation            : HHH90000025: PostgreSQLDialect does not need to be specified explicitly using 'hibernate.dialect' (remove the property setting and it will be selected by default)
2025-10-23T10:37:32.419+07:00  INFO 20352 --- [product-service] [main] [                                                 ] org.hibernate.orm.connections.pooling    : HHH10001005: Database info:
	Database JDBC URL [Connecting through datasource 'HikariDataSource (HikariPool-1)']
	Database driver: undefined/unknown
	Database version: 14.19
	Autocommit mode: undefined/unknown
	Isolation level: undefined/unknown
	Minimum pool size: undefined/unknown
	Maximum pool size: undefined/unknown
2025-10-23T10:37:33.875+07:00  INFO 20352 --- [product-service] [main] [                                                 ] o.h.e.t.j.p.i.JtaPlatformInitiator       : HHH000489: No JTA platform available (set 'hibernate.transaction.jta.platform' to enable JTA platform integration)
2025-10-23T10:37:33.945+07:00  INFO 20352 --- [product-service] [main] [                                                 ] j.LocalContainerEntityManagerFactoryBean : Initialized JPA EntityManagerFactory for persistence unit 'default'
2025-10-23T10:37:34.256+07:00  INFO 20352 --- [product-service] [main] [                                                 ] o.s.d.j.r.query.QueryEnhancerFactory     : Hibernate is in classpath; If applicable, HQL parser will be used.
2025-10-23T10:37:35.710+07:00  WARN 20352 --- [product-service] [main] [                                                 ] JpaBaseConfiguration$JpaWebConfiguration : spring.jpa.open-in-view is enabled by default. Therefore, database queries may be performed during view rendering. Explicitly configure spring.jpa.open-in-view to disable this warning
2025-10-23T10:37:38.337+07:00  INFO 20352 --- [product-service] [main] [                                                 ] o.s.cloud.commons.util.InetUtils         : Cannot determine local hostname
2025-10-23T10:37:39.544+07:00  INFO 20352 --- [product-service] [main] [                                                 ] o.s.cloud.commons.util.InetUtils         : Cannot determine local hostname
2025-10-23T10:37:39.995+07:00  WARN 20352 --- [product-service] [main] [                                                 ] c.f.c.c.BeanFactoryAwareFunctionRegistry : Failed to locate function 'busConsumer' for function definition 'busConsumer'. Returning null.
2025-10-23T10:37:40.127+07:00  INFO 20352 --- [product-service] [main] [                                                 ] o.s.c.s.m.DirectWithAttributesChannel    : Channel 'product-service.springCloudBusInput' has 1 subscriber(s).
2025-10-23T10:37:41.570+07:00  INFO 20352 --- [product-service] [main] [                                                 ] o.s.cloud.commons.util.InetUtils         : Cannot determine local hostname
2025-10-23T10:37:41.597+07:00  INFO 20352 --- [product-service] [main] [                                                 ] DiscoveryClientOptionalArgsConfiguration : Eureka HTTP Client uses RestTemplate.
2025-10-23T10:37:41.674+07:00  WARN 20352 --- [product-service] [main] [                                                 ] iguration$LoadBalancerCaffeineWarnLogger : Spring Cloud LoadBalancer is currently working with the default cache. While this cache implementation is useful for development and tests, it's recommended to use Caffeine cache in production.You can switch to using Caffeine cache, by adding it and org.springframework.cache.caffeine.CaffeineCacheManager to the classpath.
2025-10-23T10:37:41.691+07:00  INFO 20352 --- [product-service] [main] [                                                 ] o.s.b.a.e.web.EndpointLinksResolver      : Exposing 25 endpoints beneath base path '/actuator'
2025-10-23T10:37:41.931+07:00  INFO 20352 --- [product-service] [main] [                                                 ] o.s.i.endpoint.EventDrivenConsumer       : Adding {logging-channel-adapter:_org.springframework.integration.errorLogger} as a subscriber to the 'errorChannel' channel
2025-10-23T10:37:41.931+07:00  INFO 20352 --- [product-service] [main] [                                                 ] o.s.i.channel.PublishSubscribeChannel    : Channel 'product-service.errorChannel' has 1 subscriber(s).
2025-10-23T10:37:41.932+07:00  INFO 20352 --- [product-service] [main] [                                                 ] o.s.i.endpoint.EventDrivenConsumer       : started bean '_org.springframework.integration.errorLogger'
2025-10-23T10:37:42.069+07:00  INFO 20352 --- [product-service] [main] [                                                 ] o.s.c.n.eureka.InstanceInfoFactory       : Setting initial instance status as: STARTING
2025-10-23T10:37:42.141+07:00  INFO 20352 --- [product-service] [main] [                                                 ] com.netflix.discovery.DiscoveryClient    : Initializing Eureka in region us-east-1
2025-10-23T10:37:42.156+07:00  INFO 20352 --- [product-service] [main] [                                                 ] c.n.d.s.r.aws.ConfigClusterResolver      : Resolving eureka endpoints via configuration
2025-10-23T10:37:42.188+07:00  INFO 20352 --- [product-service] [main] [                                                 ] com.netflix.discovery.DiscoveryClient    : Disable delta property : false
2025-10-23T10:37:42.189+07:00  INFO 20352 --- [product-service] [main] [                                                 ] com.netflix.discovery.DiscoveryClient    : Single vip registry refresh property : null
2025-10-23T10:37:42.189+07:00  INFO 20352 --- [product-service] [main] [                                                 ] com.netflix.discovery.DiscoveryClient    : Force full registry fetch : false
2025-10-23T10:37:42.189+07:00  INFO 20352 --- [product-service] [main] [                                                 ] com.netflix.discovery.DiscoveryClient    : Application is null : false
2025-10-23T10:37:42.190+07:00  INFO 20352 --- [product-service] [main] [                                                 ] com.netflix.discovery.DiscoveryClient    : Registered Applications size is zero : true
2025-10-23T10:37:42.191+07:00  INFO 20352 --- [product-service] [main] [                                                 ] com.netflix.discovery.DiscoveryClient    : Application version is -1: true
2025-10-23T10:37:42.191+07:00  INFO 20352 --- [product-service] [main] [                                                 ] com.netflix.discovery.DiscoveryClient    : Getting all instance registry info from the eureka server
2025-10-23T10:37:42.825+07:00  INFO 20352 --- [product-service] [main] [                                                 ] com.netflix.discovery.DiscoveryClient    : The response status is 200
2025-10-23T10:37:42.829+07:00  INFO 20352 --- [product-service] [main] [                                                 ] com.netflix.discovery.DiscoveryClient    : Starting heartbeat executor: renew interval is: 30
2025-10-23T10:37:42.833+07:00  INFO 20352 --- [product-service] [main] [                                                 ] c.n.discovery.InstanceInfoReplicator     : InstanceInfoReplicator onDemand update allowed rate per min is 4
2025-10-23T10:37:42.835+07:00  INFO 20352 --- [product-service] [main] [                                                 ] com.netflix.discovery.DiscoveryClient    : Discovery Client initialized at timestamp 1761190662835 with initial instances count: 2
2025-10-23T10:37:42.842+07:00  INFO 20352 --- [product-service] [main] [                                                 ] o.s.c.n.e.s.EurekaServiceRegistry        : Registering application PRODUCT-SERVICE with eureka with status UP
2025-10-23T10:37:42.843+07:00  INFO 20352 --- [product-service] [main] [                                                 ] com.netflix.discovery.DiscoveryClient    : Saw local status change event StatusChangeEvent [timestamp=1761190662843, current=UP, previous=STARTING]
2025-10-23T10:37:42.846+07:00  INFO 20352 --- [product-service] [DiscoveryClient-InstanceInfoReplicator-%d] [                                                 ] com.netflix.discovery.DiscoveryClient    : DiscoveryClient_PRODUCT-SERVICE/localhost:product-service:8081: registering service...
2025-10-23T10:37:42.847+07:00  INFO 20352 --- [product-service] [main] [                                                 ] o.s.c.s.binder.DefaultBinderFactory      : Creating binder: rabbit
2025-10-23T10:37:42.847+07:00  INFO 20352 --- [product-service] [main] [                                                 ] o.s.c.s.binder.DefaultBinderFactory      : Constructing binder child context for rabbit
2025-10-23T10:37:42.931+07:00  INFO 20352 --- [product-service] [DiscoveryClient-InstanceInfoReplicator-%d] [                                                 ] com.netflix.discovery.DiscoveryClient    : DiscoveryClient_PRODUCT-SERVICE/localhost:product-service:8081 - registration status: 204
2025-10-23T10:37:43.063+07:00  INFO 20352 --- [product-service] [main] [                                                 ] o.s.c.s.binder.DefaultBinderFactory      : Caching the binder: rabbit
2025-10-23T10:37:43.100+07:00  INFO 20352 --- [product-service] [main] [                                                 ] c.s.b.r.p.RabbitExchangeQueueProvisioner : declaring queue for inbound: springCloudBus.anonymous.zGRnLeuBRgCbcRjzn_BHYA, bound to: springCloudBus
2025-10-23T10:37:43.123+07:00  INFO 20352 --- [product-service] [main] [                                                 ] o.s.a.r.c.CachingConnectionFactory       : Attempting to connect to: [localhost:5672]
2025-10-23T10:37:43.245+07:00  INFO 20352 --- [product-service] [main] [                                                 ] o.s.a.r.c.CachingConnectionFactory       : Created new connection: rabbitConnectionFactory#52a7c9de:0/SimpleConnection@71713254 [delegate=amqp://guest@127.0.0.1:5672/, localPort=57906]
2025-10-23T10:37:43.350+07:00  INFO 20352 --- [product-service] [main] [                                                 ] o.s.c.stream.binder.BinderErrorChannel   : Channel 'rabbit-1320359668.springCloudBusInput.errors' has 1 subscriber(s).
2025-10-23T10:37:43.356+07:00  INFO 20352 --- [product-service] [main] [                                                 ] o.s.c.stream.binder.BinderErrorChannel   : Channel 'rabbit-1320359668.springCloudBusInput.errors' has 2 subscriber(s).
2025-10-23T10:37:43.432+07:00  INFO 20352 --- [product-service] [main] [                                                 ] o.s.i.a.i.AmqpInboundChannelAdapter      : started bean 'inbound.springCloudBus.anonymous.zGRnLeuBRgCbcRjzn_BHYA'
2025-10-23T10:37:43.452+07:00  INFO 20352 --- [product-service] [main] [                                                 ] o.s.b.w.embedded.tomcat.TomcatWebServer  : Tomcat started on port 8081 (http) with context path '/'
2025-10-23T10:37:43.453+07:00  INFO 20352 --- [product-service] [main] [                                                 ] .s.c.n.e.s.EurekaAutoServiceRegistration : Updating port to 8081
2025-10-23T10:37:44.460+07:00  INFO 20352 --- [product-service] [main] [                                                 ] o.s.cloud.commons.util.InetUtils         : Cannot determine local hostname
2025-10-23T10:37:45.468+07:00  INFO 20352 --- [product-service] [main] [                                                 ] o.s.cloud.commons.util.InetUtils         : Cannot determine local hostname
2025-10-23T10:37:45.585+07:00  INFO 20352 --- [product-service] [main] [                                                 ] c.ecommerce.product.ProductApplication   : Started ProductApplication in 21.397 seconds (process running for 22.666)
2025-10-23T10:37:45.789+07:00  INFO 20352 --- [product-service] [http-nio-8081-exec-1] [                                                 ] o.a.c.c.C.[Tomcat].[localhost].[/]       : Initializing Spring DispatcherServlet 'dispatcherServlet'
2025-10-23T10:37:45.790+07:00  INFO 20352 --- [product-service] [http-nio-8081-exec-1] [                                                 ] o.s.web.servlet.DispatcherServlet        : Initializing Servlet 'dispatcherServlet'
2025-10-23T10:37:45.798+07:00  INFO 20352 --- [product-service] [http-nio-8081-exec-1] [                                                 ] o.s.web.servlet.DispatcherServlet        : Completed initialization in 3 ms
2025-10-23T10:42:42.196+07:00  INFO 20352 --- [product-service] [AsyncResolver-bootstrap-executor-%d] [                                                 ] c.n.d.s.r.aws.ConfigClusterResolver      : Resolving eureka endpoints via configuration
2025-10-23T10:47:42.198+07:00  INFO 20352 --- [product-service] [AsyncResolver-bootstrap-executor-%d] [                                                 ] c.n.d.s.r.aws.ConfigClusterResolver      : Resolving eureka endpoints via configuration
2025-10-23T10:52:42.199+07:00  INFO 20352 --- [product-service] [AsyncResolver-bootstrap-executor-%d] [                                                 ] c.n.d.s.r.aws.ConfigClusterResolver      : Resolving eureka endpoints via configuration
2025-10-23T10:57:42.200+07:00  INFO 20352 --- [product-service] [AsyncResolver-bootstrap-executor-%d] [                                                 ] c.n.d.s.r.aws.ConfigClusterResolver      : Resolving eureka endpoints via configuration
2025-10-23T11:02:42.202+07:00  INFO 20352 --- [product-service] [AsyncResolver-bootstrap-executor-%d] [                                                 ] c.n.d.s.r.aws.ConfigClusterResolver      : Resolving eureka endpoints via configuration
2025-10-23T11:07:42.204+07:00  INFO 20352 --- [product-service] [AsyncResolver-bootstrap-executor-%d] [                                                 ] c.n.d.s.r.aws.ConfigClusterResolver      : Resolving eureka endpoints via configuration
2025-10-23T11:12:42.207+07:00  INFO 20352 --- [product-service] [AsyncResolver-bootstrap-executor-%d] [                                                 ] c.n.d.s.r.aws.ConfigClusterResolver      : Resolving eureka endpoints via configuration
2025-10-23T11:17:42.210+07:00  INFO 20352 --- [product-service] [AsyncResolver-bootstrap-executor-%d] [                                                 ] c.n.d.s.r.aws.ConfigClusterResolver      : Resolving eureka endpoints via configuration
